
R version 3.1.1 (2014-07-10) -- "Sock it to Me"
Copyright (C) 2014 The R Foundation for Statistical Computing
Platform: x86_64-pc-linux-gnu (64-bit)

R is free software and comes with ABSOLUTELY NO WARRANTY.
You are welcome to redistribute it under certain conditions.
Type 'license()' or 'licence()' for distribution details.

R is a collaborative project with many contributors.
Type 'contributors()' for more information and
'citation()' on how to cite R or R packages in publications.

Type 'demo()' for some demos, 'help()' for on-line help, or
'help.start()' for an HTML browser interface to help.
Type 'q()' to quit R.

> library(parallel)
> library(doParallel)
Loading required package: foreach
Loading required package: iterators
> library(foreach)
> library(rlecuyer)
> library(randomForest)
randomForest 4.6-10
Type rfNews() to see new features/changes/bug fixes.
> library(MASS)
> library(glmnet)
Loading required package: Matrix
Loaded glmnet 1.9-8

> working.directory = "~/Documents/lab4/Stats-215---Lab-4"
> nCores <- as.numeric(Sys.getenv('NSLOTS'))
> # nCores = 10
> setwd(working.directory)
> registerDoParallel(nCores)
> 
> source("DataProcessing.R")
> l = getTrainTestBlock(list(image1, image2, image3),k=3, train.pct = 1,
+                       fix.random = FALSE, standardize = TRUE)
> data = l[[1]]
> ntrees = c(10, 20, 40, 80, 160, 320, 640, 1280)
> k = 3; n.images = 3;
> RNGkind("L'Ecuyer-CMRG")
> out <- foreach(i = 1:200) %dopar% {
+   outsmall <- foreach(j = 1:length(ntrees)) %do% {
+     cat('Starting', i, ',', j,'th job.\n', sep = ' ')
+     train.blocks = sample(n.images*k^2, 15)
+     train.idx = data$blockid %in% train.blocks
+     model = randomForest(factor(label) ~ NDAI + SD + CORR + DF + CF + 
+                     BF   + AF + AN, 
+                   data = data[train.idx,],
+                   ntree = ntrees[j])
+     label.hat = predict(model, data[!train.idx, ], type = "prob")
+     glmnet::auc(data[!train.idx,3], label.hat[,2])
+   }
+ }
Starting 1 , 1 th job.
Starting 2 , 1 th job.
Starting 3 , 1 th job.
Starting 13 , 1 th job.
Starting 4 , 1 th job.
Starting 5 , 1 th job.
Starting 20 , 1 th job.
Starting 15 , 1 th job.
Starting 6 , 1 th job.
Starting 7 , 1 th job.
Starting 9 , 1 th job.
Starting 17 , 1 th job.
Starting 8 , 1 th job.
Starting 10 , 1 th job.
Starting 11 , 1 th job.
Starting 14 , 1 th job.
Starting 12 , 1 th job.
Starting 19 , 1 th job.
Starting 16 , 1 th job.
Starting 18 , 1 th job.
Starting 4 , 2 th job.
Starting 20 , 2 th job.
Starting 5 , 2 th job.
Starting 10 , 2 th job.
Starting 3 , 2 th job.
Starting 11 , 2 th job.
Starting 7 , 2 th job.
Starting 15 , 2 th job.
Starting 1 , 2 th job.
Starting 6 , 2 th job.
Starting 13 , 2 th job.
Starting 2 , 2 th job.
Starting 4 , 3 th job.
Starting 8 , 2 th job.
Starting 16 , 2 th job.
Starting 19 , 2 th job.
Starting 18 , 2 th job.
Starting 10 , 3 th job.
Starting 20 , 3 th job.
Starting 14 , 2 th job.
Starting 9 , 2 th job.
Starting 17 , 2 th job.
Starting 12 , 2 th job.
Starting 5 , 3 th job.
Starting 11 , 3 th job.
Starting 15 , 3 th job.
Starting 8 , 3 th job.
Starting 2 , 3 th job.
Starting 1 , 3 th job.
Starting 6 , 3 th job.
Starting 7 , 3 th job.
Starting 13 , 3 th job.
Starting 18 , 3 th job.
Starting 12 , 3 th job.
Starting 9 , 3 th job.
Starting 19 , 3 th job.
Starting 16 , 3 th job.
Starting 14 , 3 th job.
Starting 4 , 4 th job.
Starting 17 , 3 th job.
Starting 20 , 4 th job.
Starting 3 , 3 th job.
Starting 11 , 4 th job.
Starting 7 , 4 th job.
Starting 2 , 4 th job.
Starting 10 , 4 th job.
Starting 8 , 4 th job.
Starting 18 , 4 th job.
Starting 5 , 4 th job.
Starting 15 , 4 th job.
Starting 6 , 4 th job.
Starting 12 , 4 th job.
Starting 9 , 4 th job.
Starting 16 , 4 th job.
Starting 13 , 4 th job.
Starting 17 , 4 th job.
Starting 1 , 4 th job.
Starting 3 , 4 th job.
Starting 14 , 4 th job.
Starting 19 , 4 th job.
Starting 20 , 5 th job.
Starting 11 , 5 th job.
Starting 15 , 5 th job.
Starting 10 , 5 th job.
Starting 2 , 5 th job.
Starting 7 , 5 th job.
Starting 18 , 5 th job.
Starting 16 , 5 th job.
Starting 13 , 5 th job.
Starting 4 , 5 th job.
Starting 8 , 5 th job.
Starting 9 , 5 th job.
Starting 5 , 5 th job.
Starting 6 , 5 th job.
Starting 12 , 5 th job.
Starting 17 , 5 th job.
Starting 1 , 5 th job.
Starting 14 , 5 th job.
Starting 19 , 5 th job.
Starting 3 , 5 th job.
Starting 15 , 6 th job.
Starting 7 , 6 th job.
Starting 16 , 6 th job.
Starting 18 , 6 th job.
Starting 10 , 6 th job.
Starting 11 , 6 th job.
Starting 12 , 6 th job.
Starting 9 , 6 th job.
Starting 5 , 6 th job.
Starting 4 , 6 th job.
Starting 20 , 6 th job.
Starting 2 , 6 th job.
Starting 8 , 6 th job.
Starting 6 , 6 th job.
Starting 17 , 6 th job.
Starting 13 , 6 th job.
Starting 1 , 6 th job.
Starting 14 , 6 th job.
Starting 3 , 6 th job.
Starting 19 , 6 th job.
Starting 15 , 7 th job.
Starting 7 , 7 th job.
Starting 12 , 7 th job.
Starting 10 , 7 th job.
Starting 20 , 7 th job.
Starting 11 , 7 th job.
Starting 16 , 7 th job.
Starting 13 , 7 th job.
Starting 18 , 7 th job.
Starting 2 , 7 th job.
Starting 9 , 7 th job.
Starting 4 , 7 th job.
Starting 5 , 7 th job.
Starting 6 , 7 th job.
Starting 3 , 7 th job.
Starting 8 , 7 th job.
Starting 17 , 7 th job.
Starting 14 , 7 th job.
Starting 1 , 7 th job.
Starting 19 , 7 th job.
Starting 7 , 8 th job.
Starting 15 , 8 th job.
Starting 10 , 8 th job.
Starting 3 , 8 th job.
Starting 12 , 8 th job.
Starting 23 , 1 th job.
Starting 32 , 1 th job.
Starting 30 , 1 th job.
Starting 16 , 8 th job.
Starting 23 , 2 th job.
Starting 32 , 2 th job.
Starting 9 , 8 th job.
Starting 30 , 2 th job.
Starting 6 , 8 th job.
Starting 29 , 1 th job.
Starting 18 , 8 th job.
Starting 4 , 8 th job.
Starting 11 , 8 th job.
Starting 23 , 3 th job.
Starting 31 , 1 th job.
Starting 38 , 1 th job.
Starting 24 , 1 th job.
Starting 29 , 2 th job.
Starting 32 , 3 th job.
Starting 5 , 8 th job.
Starting 30 , 3 th job.
Starting 17 , 8 th job.
Starting 13 , 8 th job.
Starting 31 , 2 th job.
Starting 38 , 2 th job.
Starting 24 , 2 th job.
Starting 33 , 1 th job.
Starting 20 , 8 th job.
Starting 29 , 3 th job.
Starting 40 , 1 th job.
Starting 14 , 8 th job.
Starting 8 , 8 th job.
Starting 23 , 4 th job.
Starting 24 , 3 th job.
Starting 33 , 2 th job.
Starting 30 , 4 th job.
Starting 31 , 3 th job.
Starting 38 , 3 th job.
Starting 40 , 2 th job.
Starting 2 , 8 th job.
Starting 32 , 4 th job.
Starting 33 , 3 th job.
Starting 40 , 3 th job.
Starting 38 , 4 th job.
Starting 24 , 4 th job.
Starting 29 , 4 th job.
Starting 1 , 8 th job.
Starting 40 , 4 th job.
Starting 33 , 4 th job.
Starting 21 , 1 th job.
Starting 31 , 4 th job.
Starting 21 , 2 th job.
Starting 30 , 5 th job.
Starting 23 , 5 th job.
Starting 32 , 5 th job.
Starting 21 , 3 th job.
Starting 38 , 5 th job.
Starting 24 , 5 th job.
Starting 29 , 5 th job.
Starting 19 , 8 th job.
Starting 21 , 4 th job.
Starting 39 , 1 th job.
Starting 40 , 5 th job.
Starting 40 , 6 th job.
Starting 33 , 5 th job.
Starting 40 , 7 th job.
Starting 31 , 5 th job.
Starting 39 , 2 th job.
Starting 39 , 3 th job.
Starting 30 , 6 th job.
Starting 21 , 5 th job.
Starting 39 , 4 th job.
Starting 23 , 6 th job.
Starting 23 , 7 th job.
Starting 32 , 6 th job.
Starting 23 , 8 th job.
Starting 43 , 1 th job.
Starting 38 , 6 th job.
Starting 43 , 2 th job.
Starting 29 , 6 th job.
Starting 24 , 6 th job.
Starting 43 , 3 th job.
Starting 33 , 6 th job.
Starting 31 , 6 th job.
Starting 31 , 7 th job.
Starting 31 , 8 th job.
Starting 51 , 1 th job.
Starting 39 , 5 th job.
Starting 51 , 2 th job.
Starting 43 , 4 th job.
Starting 51 , 3 th job.
Starting 21 , 6 th job.
Starting 21 , 7 th job.
Starting 21 , 8 th job.
Starting 41 , 1 th job.
Starting 41 , 2 th job.
Starting 51 , 4 th job.
Starting 41 , 3 th job.
Starting 43 , 5 th job.
Starting 43 , 6 th job.
Starting 43 , 7 th job.
Starting 43 , 8 th job.
Starting 63 , 1 th job.
Starting 63 , 2 th job.
Starting 41 , 4 th job.
Starting 39 , 6 th job.
Starting 63 , 3 th job.
Starting 30 , 7 th job.
Starting 51 , 5 th job.
Starting 63 , 4 th job.
Starting 38 , 7 th job.
Starting 41 , 5 th job.
Starting 29 , 7 th job.
Starting 32 , 7 th job.
Starting 29 , 8 th job.
Starting 32 , 8 th job.
Starting 52 , 1 th job.
Starting 49 , 1 th job.
Starting 33 , 7 th job.
Starting 33 , 8 th job.
Starting 49 , 2 th job.
Starting 52 , 2 th job.
Starting 24 , 7 th job.
Starting 24 , 8 th job.
Starting 44 , 1 th job.
Starting 63 , 5 th job.
Starting 52 , 3 th job.
Starting 49 , 3 th job.
Starting 44 , 2 th job.
Starting 52 , 4 th job.
Starting 49 , 4 th job.
Starting 44 , 3 th job.
Starting 51 , 6 th job.
Starting 44 , 4 th job.
Starting 41 , 6 th job.
Starting 40 , 8 th job.
Starting 52 , 5 th job.
Starting 39 , 7 th job.
Starting 44 , 5 th job.
Starting 49 , 5 th job.
Starting 63 , 6 th job.
Starting 52 , 6 th job.
Starting 44 , 6 th job.
Starting 28 , 1 th job.
Starting 49 , 6 th job.
Starting 28 , 2 th job.
Starting 51 , 7 th job.
Starting 28 , 3 th job.
Starting 27 , 1 th job.
Starting 27 , 2 th job.
Starting 28 , 4 th job.
Starting 41 , 7 th job.
Starting 41 , 8 th job.
Starting 63 , 7 th job.
Starting 27 , 3 th job.
Starting 61 , 1 th job.
Starting 22 , 1 th job.
Starting 35 , 1 th job.
Starting 22 , 2 th job.
Starting 61 , 2 th job.
Starting 35 , 2 th job.
Starting 27 , 4 th job.
Starting 22 , 3 th job.
Starting 34 , 1 th job.
Starting 35 , 3 th job.
Starting 37 , 1 th job.
Starting 61 , 3 th job.
Starting 34 , 2 th job.
Starting 37 , 2 th job.
Starting 28 , 5 th job.
Starting 52 , 7 th job.
Starting 34 , 3 th job.
Starting 38 , 8 th job.
Starting 22 , 4 th job.
Starting 37 , 3 th job.
Starting 35 , 4 th job.
Starting 61 , 4 th job.
Starting 30 , 8 th job.
Starting 34 , 4 th job.
Starting 27 , 5 th job.
Starting 37 , 4 th job.
Starting 36 , 1 th job.
Starting 36 , 2 th job.
Starting 26 , 1 th job.
Starting 22 , 5 th job.
Starting 26 , 2 th job.
Starting 36 , 3 th job.
Starting 34 , 5 th job.
Starting 28 , 6 th job.
Starting 61 , 5 th job.
Starting 35 , 5 th job.
Starting 44 , 7 th job.
Starting 26 , 3 th job.
Starting 37 , 5 th job.
Starting 49 , 7 th job.
Starting 36 , 4 th job.
Starting 26 , 4 th job.
Starting 25 , 1 th job.
Starting 25 , 2 th job.
Starting 25 , 3 th job.
Starting 25 , 4 th job.
Starting 22 , 6 th job.
Starting 27 , 6 th job.
Starting 26 , 5 th job.
Starting 36 , 5 th job.
Starting 37 , 6 th job.
Starting 35 , 6 th job.
Starting 61 , 6 th job.
Starting 25 , 5 th job.
Starting 39 , 8 th job.
Starting 34 , 6 th job.
Starting 36 , 6 th job.
Starting 26 , 6 th job.
Starting 28 , 7 th job.
Starting 51 , 8 th job.
Starting 71 , 1 th job.
Starting 63 , 8 th job.
Starting 52 , 8 th job.
Starting 71 , 2 th job.
Starting 22 , 7 th job.
Starting 25 , 6 th job.
Starting 71 , 3 th job.
Starting 53 , 1 th job.
Starting 53 , 2 th job.
Starting 37 , 7 th job.
Starting 71 , 4 th job.
Starting 53 , 3 th job.
Starting 27 , 7 th job.
Starting 61 , 7 th job.
Starting 53 , 4 th job.
Starting 34 , 7 th job.
Starting 71 , 5 th job.
Starting 36 , 7 th job.
Starting 60 , 1 th job.
Starting 60 , 2 th job.
Starting 53 , 5 th job.
Starting 26 , 7 th job.
Starting 60 , 3 th job.
Starting 35 , 7 th job.
Starting 49 , 8 th job.
Starting 44 , 8 th job.
Starting 60 , 4 th job.
Starting 71 , 6 th job.
Starting 53 , 6 th job.
Starting 25 , 7 th job.
Starting 60 , 5 th job.
Starting 28 , 8 th job.
Starting 48 , 1 th job.
Starting 48 , 2 th job.
Starting 48 , 3 th job.
Starting 60 , 6 th job.
Starting 48 , 4 th job.
Starting 71 , 7 th job.
Starting 61 , 8 th job.
Starting 81 , 1 th job.
Starting 22 , 8 th job.
Starting 53 , 7 th job.
Starting 81 , 2 th job.
Starting 42 , 1 th job.
Starting 53 , 8 th job.
Starting 48 , 5 th job.
Starting 73 , 1 th job.
Starting 42 , 2 th job.
Starting 73 , 2 th job.
Starting 81 , 3 th job.
Starting 73 , 3 th job.
Starting 42 , 3 th job.
Starting 73 , 4 th job.
Starting 42 , 4 th job.
Starting 81 , 4 th job.
Starting 36 , 8 th job.
Starting 34 , 8 th job.
Starting 37 , 8 th job.
Starting 73 , 5 th job.
Starting 81 , 5 th job.
Starting 27 , 8 th job.
Starting 35 , 8 th job.
Starting 47 , 1 th job.
Starting 48 , 6 th job.
Starting 55 , 1 th job.
Starting 42 , 5 th job.
Starting 48 , 7 th job.
Starting 47 , 2 th job.
Starting 48 , 8 th job.
Starting 58 , 1 th job.
Starting 55 , 2 th job.
Starting 58 , 2 th job.
Starting 55 , 3 th job.
Starting 47 , 3 th job.
Starting 58 , 3 th job.
Starting 26 , 8 th job.
Starting 55 , 4 th job.
Starting 60 , 7 th job.
Starting 58 , 4 th job.
Starting 47 , 4 th job.
Starting 73 , 6 th job.
Starting 81 , 6 th job.
Starting 81 , 7 th job.
Starting 25 , 8 th job.
Starting 55 , 5 th job.
Starting 50 , 1 th job.
Starting 58 , 5 th job.
Starting 42 , 6 th job.
Starting 47 , 5 th job.
Starting 50 , 2 th job.
Starting 50 , 3 th job.
Starting 72 , 1 th job.
Starting 72 , 2 th job.
Starting 50 , 4 th job.
Starting 72 , 3 th job.
Starting 72 , 4 th job.
Starting 71 , 8 th job.
Starting 55 , 6 th job.
Starting 50 , 5 th job.
Starting 58 , 6 th job.
Starting 59 , 1 th job.
Starting 72 , 5 th job.
Starting 47 , 6 th job.
Starting 59 , 2 th job.
Starting 59 , 3 th job.
Starting 73 , 7 th job.
Starting 59 , 4 th job.
Starting 72 , 6 th job.
Starting 59 , 5 th job.
Starting 69 , 1 th job.
Starting 69 , 2 th job.
Starting 50 , 6 th job.
Starting 83 , 1 th job.
Starting 69 , 3 th job.
Starting 83 , 2 th job.
Starting 42 , 7 th job.
Starting 83 , 3 th job.
Starting 69 , 4 th job.
Starting 83 , 4 th job.
Starting 59 , 6 th job.
Starting 69 , 5 th job.
Starting 60 , 8 th job.
Starting 55 , 7 th job.
Starting 80 , 1 th job.
Starting 83 , 5 th job.
Starting 80 , 2 th job.
Starting 64 , 1 th job.
Starting 58 , 7 th job.
Starting 80 , 3 th job.
Starting 64 , 2 th job.
Starting 47 , 7 th job.
Starting 80 , 4 th job.
Starting 64 , 3 th job.
Starting 81 , 8 th job.
Starting 101 , 1 th job.
Starting 101 , 2 th job.
Starting 101 , 3 th job.
Starting 64 , 4 th job.
Starting 72 , 7 th job.
Starting 80 , 5 th job.
Starting 83 , 6 th job.
Starting 101 , 4 th job.
Starting 69 , 6 th job.
Starting 64 , 5 th job.
Starting 54 , 1 th job.
Starting 101 , 5 th job.
Starting 54 , 2 th job.
Starting 54 , 3 th job.
Starting 80 , 6 th job.
Starting 54 , 4 th job.
Starting 50 , 7 th job.
Starting 68 , 1 th job.
Starting 68 , 2 th job.
Starting 101 , 6 th job.
Starting 68 , 3 th job.
Starting 64 , 6 th job.
Starting 54 , 5 th job.
Starting 68 , 4 th job.
Starting 73 , 8 th job.
Starting 83 , 7 th job.
Starting 45 , 1 th job.
Starting 57 , 1 th job.
Starting 68 , 5 th job.
Starting 59 , 7 th job.
Starting 45 , 2 th job.
Starting 56 , 1 th job.
Starting 57 , 2 th job.
Starting 56 , 2 th job.
Starting 45 , 3 th job.
Starting 69 , 7 th job.
Starting 56 , 3 th job.
Starting 57 , 3 th job.
Starting 54 , 6 th job.
Starting 45 , 4 th job.
Starting 56 , 4 th job.
Starting 42 , 8 th job.
Starting 57 , 4 th job.
Starting 68 , 6 th job.
Starting 55 , 8 th job.
Starting 58 , 8 th job.
Starting 80 , 7 th job.
Starting 45 , 5 th job.
Starting 56 , 5 th job.
Starting 64 , 7 th job.
Starting 72 , 8 th job.
Starting 57 , 5 th job.
Starting 92 , 1 th job.
Starting 101 , 7 th job.
Starting 92 , 2 th job.
Starting 46 , 1 th job.
Starting 46 , 2 th job.
Starting 92 , 3 th job.
Starting 47 , 8 th job.
Starting 46 , 3 th job.
Starting 91 , 1 th job.
Starting 92 , 4 th job.
Starting 91 , 2 th job.
Starting 46 , 4 th job.
Starting 91 , 3 th job.
Starting 45 , 6 th job.
Starting 91 , 4 th job.
Starting 56 , 6 th job.
Starting 92 , 5 th job.
Starting 46 , 5 th job.
Starting 57 , 6 th job.
Starting 57 , 7 th job.
Starting 57 , 8 th job.
Starting 77 , 1 th job.
Starting 54 , 7 th job.
Starting 77 , 2 th job.
Starting 91 , 5 th job.
Starting 77 , 3 th job.
Starting 68 , 7 th job.
Starting 77 , 4 th job.
Starting 92 , 6 th job.
Starting 46 , 6 th job.
Starting 50 , 8 th job.
Starting 59 , 8 th job.
Starting 77 , 5 th job.
Starting 91 , 6 th job.
Starting 83 , 8 th job.
Starting 45 , 7 th job.
Starting 103 , 1 th job.
Starting 103 , 2 th job.
Starting 80 , 8 th job.
Starting 100 , 1 th job.
Starting 56 , 7 th job.
Starting 103 , 3 th job.
Starting 100 , 2 th job.
Starting 100 , 3 th job.
Starting 69 , 8 th job.
Starting 103 , 4 th job.
Starting 89 , 1 th job.
Starting 100 , 4 th job.
Starting 77 , 6 th job.
Starting 89 , 2 th job.
Starting 89 , 3 th job.
Starting 103 , 5 th job.
Starting 100 , 5 th job.
Starting 89 , 4 th job.
Starting 64 , 8 th job.
Starting 92 , 7 th job.
Starting 46 , 7 th job.
Starting 46 , 8 th job.
Starting 66 , 1 th job.
Starting 66 , 2 th job.
Starting 101 , 8 th job.
Starting 89 , 5 th job.
Starting 121 , 1 th job.
Starting 100 , 6 th job.
Starting 66 , 3 th job.
Starting 121 , 2 th job.
Starting 103 , 6 th job.
Starting 121 , 3 th job.
Starting 66 , 4 th job.
Starting 91 , 7 th job.
Starting 121 , 4 th job.
Starting 93 , 1 th job.
Starting 93 , 2 th job.
Starting 54 , 8 th job.
Starting 93 , 3 th job.
Starting 93 , 4 th job.
Starting 66 , 5 th job.
Starting 89 , 6 th job.
Starting 121 , 5 th job.
Starting 93 , 5 th job.
Starting 93 , 6 th job.
Starting 77 , 7 th job.
Starting 68 , 8 th job.
Starting 88 , 1 th job.
Starting 88 , 2 th job.
Starting 88 , 3 th job.
Starting 45 , 8 th job.
Starting 66 , 6 th job.
Starting 88 , 4 th job.
Starting 103 , 7 th job.
Starting 103 , 8 th job.
Starting 123 , 1 th job.
Starting 121 , 6 th job.
Starting 100 , 7 th job.
Starting 123 , 2 th job.
Starting 100 , 8 th job.
Starting 62 , 1 th job.
Starting 120 , 1 th job.
Starting 62 , 2 th job.
Starting 123 , 3 th job.
Starting 120 , 2 th job.
Starting 62 , 3 th job.
Starting 88 , 5 th job.
Starting 56 , 8 th job.
Starting 123 , 4 th job.
Starting 120 , 3 th job.
Starting 62 , 4 th job.
Starting 120 , 4 th job.
Starting 123 , 5 th job.
Starting 91 , 8 th job.
Starting 111 , 1 th job.
Starting 62 , 5 th job.
Starting 93 , 7 th job.
Starting 111 , 2 th job.
Starting 75 , 1 th job.
Starting 75 , 2 th job.
Starting 111 , 3 th job.
Starting 120 , 5 th job.
Starting 78 , 1 th job.
Starting 89 , 7 th job.
Starting 75 , 3 th job.
Starting 78 , 2 th job.
Starting 88 , 6 th job.
Starting 67 , 1 th job.
Starting 66 , 7 th job.
Starting 78 , 3 th job.
Starting 111 , 4 th job.
Starting 67 , 2 th job.
Starting 75 , 4 th job.
Starting 67 , 3 th job.
Starting 92 , 8 th job.
Starting 78 , 4 th job.
Starting 67 , 4 th job.
Starting 62 , 6 th job.
Starting 123 , 6 th job.
Starting 111 , 5 th job.
Starting 121 , 7 th job.
Starting 75 , 5 th job.
Starting 120 , 6 th job.
Starting 78 , 5 th job.
Starting 67 , 5 th job.
Starting 70 , 1 th job.
Starting 70 , 2 th job.
Starting 70 , 3 th job.
Starting 111 , 6 th job.
Starting 75 , 6 th job.
Starting 70 , 4 th job.
Starting 77 , 8 th job.
Starting 97 , 1 th job.
Starting 97 , 2 th job.
Starting 67 , 6 th job.
Starting 97 , 3 th job.
Starting 78 , 6 th job.
Starting 123 , 7 th job.
Starting 88 , 7 th job.
Starting 97 , 4 th job.
Starting 70 , 5 th job.
Starting 62 , 7 th job.
Starting 79 , 1 th job.
Starting 97 , 5 th job.
Starting 79 , 2 th job.
Starting 79 , 3 th job.
Starting 93 , 8 th job.
Starting 120 , 7 th job.
Starting 79 , 4 th job.
Starting 111 , 7 th job.
Starting 70 , 6 th job.
Starting 75 , 7 th job.
Starting 79 , 5 th job.
Starting 67 , 7 th job.
Starting 89 , 8 th job.
Starting 121 , 8 th job.
Starting 109 , 1 th job.
Starting 66 , 8 th job.
Starting 97 , 6 th job.
Starting 86 , 1 th job.
Starting 141 , 1 th job.
Starting 74 , 1 th job.
Starting 109 , 2 th job.
Starting 86 , 2 th job.
Starting 141 , 2 th job.
Starting 74 , 2 th job.
Starting 109 , 3 th job.
Starting 78 , 7 th job.
Starting 86 , 3 th job.
Starting 74 , 3 th job.
Starting 141 , 3 th job.
Starting 86 , 4 th job.
Starting 109 , 4 th job.
Starting 141 , 4 th job.
Starting 74 , 4 th job.
Starting 79 , 6 th job.
Starting 84 , 1 th job.
Starting 84 , 2 th job.
Starting 86 , 5 th job.
Starting 84 , 3 th job.
Starting 141 , 5 th job.
Starting 109 , 5 th job.
Starting 74 , 5 th job.
Starting 84 , 4 th job.
Starting 65 , 1 th job.
Starting 65 , 2 th job.
Starting 65 , 3 th job.
Starting 70 , 7 th job.
Starting 84 , 5 th job.
Starting 97 , 7 th job.
Starting 65 , 4 th job.
Starting 86 , 6 th job.
Starting 141 , 6 th job.
Starting 109 , 6 th job.
Starting 74 , 6 th job.
Starting 65 , 5 th job.
Starting 79 , 7 th job.
Starting 76 , 1 th job.
Starting 123 , 8 th job.
Starting 84 , 6 th job.
Starting 143 , 1 th job.
Starting 76 , 2 th job.
Starting 62 , 8 th job.
Starting 143 , 2 th job.
Starting 76 , 3 th job.
Starting 120 , 8 th job.
Starting 143 , 3 th job.
Starting 75 , 8 th job.
Starting 88 , 8 th job.
Starting 143 , 4 th job.
Starting 76 , 4 th job.
Starting 112 , 1 th job.
Starting 112 , 2 th job.
Starting 141 , 7 th job.
Starting 65 , 6 th job.
Starting 111 , 8 th job.
Starting 143 , 5 th job.
Starting 131 , 1 th job.
Starting 112 , 3 th job.
Starting 76 , 5 th job.
Starting 131 , 2 th job.
Starting 74 , 7 th job.
Starting 131 , 3 th job.
Starting 67 , 8 th job.
Starting 87 , 1 th job.
Starting 86 , 7 th job.
Starting 109 , 7 th job.
Starting 131 , 4 th job.
Starting 109 , 8 th job.
Starting 112 , 4 th job.
Starting 87 , 2 th job.
Starting 129 , 1 th job.
Starting 129 , 2 th job.
Starting 87 , 3 th job.
Starting 78 , 8 th job.
Starting 98 , 1 th job.
Starting 129 , 3 th job.
Starting 98 , 2 th job.
Starting 131 , 5 th job.
Starting 87 , 4 th job.
Starting 98 , 3 th job.
Starting 112 , 5 th job.
Starting 129 , 4 th job.
Starting 76 , 6 th job.
Starting 98 , 4 th job.
Starting 143 , 6 th job.
Starting 87 , 5 th job.
Starting 129 , 5 th job.
Starting 84 , 7 th job.
Starting 65 , 7 th job.
Starting 98 , 5 th job.
Starting 131 , 6 th job.
Starting 112 , 6 th job.
Starting 70 , 8 th job.
Starting 97 , 8 th job.
Starting 87 , 6 th job.
Starting 113 , 1 th job.
Starting 113 , 2 th job.
Starting 98 , 6 th job.
Starting 113 , 3 th job.
Starting 129 , 6 th job.
Starting 79 , 8 th job.
Starting 76 , 7 th job.
Starting 113 , 4 th job.
Starting 143 , 7 th job.
Starting 113 , 5 th job.
Starting 131 , 7 th job.
Starting 141 , 8 th job.
Starting 112 , 7 th job.
Starting 74 , 8 th job.
Starting 94 , 1 th job.
Starting 113 , 6 th job.
Starting 94 , 2 th job.
Starting 87 , 7 th job.
Starting 94 , 3 th job.
Starting 98 , 7 th job.
Starting 98 , 8 th job.
Starting 118 , 1 th job.
Starting 94 , 4 th job.
Starting 118 , 2 th job.
Starting 129 , 7 th job.
Starting 118 , 3 th job.
Starting 129 , 8 th job.
Starting 149 , 1 th job.
Starting 149 , 2 th job.
Starting 94 , 5 th job.
Starting 118 , 4 th job.
Starting 149 , 3 th job.
Starting 86 , 8 th job.
Starting 106 , 1 th job.
Starting 149 , 4 th job.
Starting 106 , 2 th job.
Starting 118 , 5 th job.
Starting 106 , 3 th job.
Starting 94 , 6 th job.
Starting 84 , 8 th job.
Starting 106 , 4 th job.
Starting 149 , 5 th job.
Starting 104 , 1 th job.
Starting 65 , 8 th job.
Starting 104 , 2 th job.
Starting 85 , 1 th job.
Starting 113 , 7 th job.
Starting 143 , 8 th job.
Starting 85 , 2 th job.
Starting 163 , 1 th job.
Starting 104 , 3 th job.
Starting 108 , 1 th job.
Starting 163 , 2 th job.
Starting 108 , 2 th job.
Starting 85 , 3 th job.
Starting 108 , 3 th job.
Starting 106 , 5 th job.
Starting 104 , 4 th job.
Starting 163 , 3 th job.
Starting 85 , 4 th job.
Starting 108 , 4 th job.
Starting 118 , 6 th job.
Starting 163 , 4 th job.
Starting 76 , 8 th job.
Starting 149 , 6 th job.
Starting 140 , 1 th job.
Starting 104 , 5 th job.
Starting 108 , 5 th job.
Starting 85 , 5 th job.
Starting 140 , 2 th job.
Starting 140 , 3 th job.
Starting 131 , 8 th job.
Starting 163 , 5 th job.
Starting 140 , 4 th job.
Starting 106 , 6 th job.
Starting 112 , 8 th job.
Starting 87 , 8 th job.
Starting 94 , 7 th job.
Starting 95 , 1 th job.
Starting 95 , 2 th job.
Starting 108 , 6 th job.
Starting 95 , 3 th job.
Starting 104 , 6 th job.
Starting 163 , 6 th job.
Starting 85 , 6 th job.
Starting 140 , 5 th job.
Starting 82 , 1 th job.
Starting 95 , 4 th job.
Starting 82 , 2 th job.
Starting 82 , 3 th job.
Starting 118 , 7 th job.
Starting 82 , 4 th job.
Starting 149 , 7 th job.
Starting 95 , 5 th job.
Starting 140 , 6 th job.
Starting 82 , 5 th job.
Starting 117 , 1 th job.
Starting 117 , 2 th job.
Starting 117 , 3 th job.
Starting 106 , 7 th job.
Starting 117 , 4 th job.
Starting 108 , 7 th job.
Starting 95 , 6 th job.
Starting 104 , 7 th job.
Starting 85 , 7 th job.
Starting 117 , 5 th job.
Starting 82 , 6 th job.
Starting 163 , 7 th job.
Starting 99 , 1 th job.
Starting 90 , 1 th job.
Starting 99 , 2 th job.
Starting 90 , 2 th job.
Starting 99 , 3 th job.
Starting 113 , 8 th job.
Starting 90 , 3 th job.
Starting 99 , 4 th job.
Starting 90 , 4 th job.
Starting 94 , 8 th job.
Starting 161 , 1 th job.
Starting 140 , 7 th job.
Starting 161 , 2 th job.
Starting 99 , 5 th job.
Starting 161 , 3 th job.
Starting 90 , 5 th job.
Starting 117 , 6 th job.
Starting 161 , 4 th job.
Starting 99 , 6 th job.
Starting 161 , 5 th job.
Starting 90 , 6 th job.
Starting 95 , 7 th job.
Starting 82 , 7 th job.
Starting 96 , 1 th job.
Starting 96 , 2 th job.
Starting 118 , 8 th job.
Starting 96 , 3 th job.
Starting 106 , 8 th job.
Starting 126 , 1 th job.
Starting 161 , 6 th job.
Starting 96 , 4 th job.
Starting 126 , 2 th job.
Starting 149 , 8 th job.
Starting 126 , 3 th job.
Starting 117 , 7 th job.
Starting 85 , 8 th job.
Starting 105 , 1 th job.
Starting 104 , 8 th job.
Starting 126 , 4 th job.
Starting 124 , 1 th job.
Starting 105 , 2 th job.
Starting 124 , 2 th job.
Starting 96 , 5 th job.
Starting 105 , 3 th job.
Starting 90 , 7 th job.
Starting 124 , 3 th job.
Starting 132 , 1 th job.
Starting 99 , 7 th job.
Starting 108 , 8 th job.
Starting 99 , 8 th job.
Starting 128 , 1 th job.
Starting 119 , 1 th job.
Starting 132 , 2 th job.
Starting 128 , 2 th job.
Starting 119 , 2 th job.
Starting 105 , 4 th job.
Starting 124 , 4 th job.
Starting 126 , 5 th job.
Starting 132 , 3 th job.
Starting 128 , 3 th job.
Starting 119 , 3 th job.
Starting 128 , 4 th job.
Starting 132 , 4 th job.
Starting 119 , 4 th job.
Starting 124 , 5 th job.
Starting 105 , 5 th job.
Starting 96 , 6 th job.
Starting 163 , 8 th job.
Starting 183 , 1 th job.
Starting 183 , 2 th job.
Starting 183 , 3 th job.
Starting 119 , 5 th job.
Starting 132 , 5 th job.
Starting 128 , 5 th job.
Starting 126 , 6 th job.
Starting 151 , 1 th job.
Starting 128 , 6 th job.
Starting 161 , 7 th job.
Starting 151 , 2 th job.
Starting 183 , 4 th job.
Starting 151 , 3 th job.
Starting 140 , 8 th job.
Starting 105 , 6 th job.
Starting 124 , 6 th job.
Starting 151 , 4 th job.
Starting 183 , 5 th job.
Starting 82 , 8 th job.
Starting 119 , 6 th job.
Starting 107 , 1 th job.
Starting 132 , 6 th job.
Starting 107 , 2 th job.
Starting 151 , 5 th job.
Starting 95 , 8 th job.
Starting 107 , 3 th job.
Starting 96 , 7 th job.
Starting 107 , 4 th job.
Starting 183 , 6 th job.
Starting 107 , 5 th job.
Starting 126 , 7 th job.
Starting 119 , 7 th job.
Starting 128 , 7 th job.
Starting 105 , 7 th job.
Starting 151 , 6 th job.
Starting 124 , 7 th job.
Starting 90 , 8 th job.
Starting 117 , 8 th job.
Starting 110 , 1 th job.
Starting 110 , 2 th job.
Starting 110 , 3 th job.
Starting 110 , 4 th job.
Starting 107 , 6 th job.
Starting 132 , 7 th job.
Starting 114 , 1 th job.
Starting 133 , 1 th job.
Starting 183 , 7 th job.
Starting 114 , 2 th job.
Starting 133 , 2 th job.
Starting 110 , 5 th job.
Starting 114 , 3 th job.
Starting 133 , 3 th job.
Starting 114 , 4 th job.
Starting 133 , 4 th job.
Starting 161 , 8 th job.
Starting 151 , 7 th job.
Starting 114 , 5 th job.
Starting 133 , 5 th job.
Starting 169 , 1 th job.
Starting 110 , 6 th job.
Starting 169 , 2 th job.
Starting 138 , 1 th job.
Starting 138 , 2 th job.
Starting 169 , 3 th job.
Starting 138 , 3 th job.
Starting 138 , 4 th job.
Starting 126 , 8 th job.
Starting 96 , 8 th job.
Starting 169 , 4 th job.
Starting 114 , 6 th job.
Starting 133 , 6 th job.
Starting 138 , 5 th job.
Starting 169 , 5 th job.
Starting 107 , 7 th job.
Starting 124 , 8 th job.
Starting 119 , 8 th job.
Starting 144 , 1 th job.
Starting 139 , 1 th job.
Starting 128 , 8 th job.
Starting 144 , 2 th job.
Starting 139 , 2 th job.
Starting 144 , 3 th job.
Starting 138 , 6 th job.
Starting 139 , 3 th job.
Starting 110 , 7 th job.
Starting 169 , 6 th job.
Starting 144 , 4 th job.
Starting 139 , 4 th job.
Starting 132 , 8 th job.
Starting 105 , 8 th job.
Starting 125 , 1 th job.
Starting 183 , 8 th job.
Starting 125 , 2 th job.
Starting 125 , 3 th job.
Starting 139 , 5 th job.
Starting 114 , 7 th job.
Starting 144 , 5 th job.
Starting 125 , 4 th job.
Starting 133 , 7 th job.
Starting 102 , 1 th job.
Starting 102 , 2 th job.
Starting 125 , 5 th job.
Starting 102 , 3 th job.
Starting 138 , 7 th job.
Starting 144 , 6 th job.
Starting 139 , 6 th job.
Starting 115 , 1 th job.
Starting 102 , 4 th job.
Starting 115 , 2 th job.
Starting 115 , 3 th job.
Starting 160 , 1 th job.
Starting 125 , 6 th job.
Starting 115 , 4 th job.
Starting 160 , 2 th job.
Starting 151 , 8 th job.
Starting 169 , 7 th job.
Starting 160 , 3 th job.
Starting 102 , 5 th job.
Starting 160 , 4 th job.
Starting 115 , 5 th job.
Starting 107 , 8 th job.
Starting 160 , 5 th job.
Starting 115 , 6 th job.
Starting 137 , 1 th job.
Starting 137 , 2 th job.
Starting 102 , 6 th job.
Starting 144 , 7 th job.
Starting 137 , 3 th job.
Starting 110 , 8 th job.
Starting 139 , 7 th job.
Starting 139 , 8 th job.
Starting 160 , 6 th job.
Starting 159 , 1 th job.
Starting 114 , 8 th job.
Starting 137 , 4 th job.
Starting 134 , 1 th job.
Starting 159 , 2 th job.
Starting 125 , 7 th job.
Starting 134 , 2 th job.
Starting 159 , 3 th job.
Starting 134 , 3 th job.
Starting 133 , 8 th job.
Starting 181 , 1 th job.
Starting 137 , 5 th job.
Starting 159 , 4 th job.
Starting 181 , 2 th job.
Starting 134 , 4 th job.
Starting 181 , 3 th job.
Starting 115 , 7 th job.
Starting 159 , 5 th job.
Starting 181 , 4 th job.
Starting 134 , 5 th job.
Starting 138 , 8 th job.
Starting 137 , 6 th job.
Starting 102 , 7 th job.
Starting 102 , 8 th job.
Starting 181 , 5 th job.
Starting 122 , 1 th job.
Starting 122 , 2 th job.
Starting 148 , 1 th job.
Starting 122 , 3 th job.
Starting 148 , 2 th job.
Starting 159 , 6 th job.
Starting 134 , 6 th job.
Starting 148 , 3 th job.
Starting 122 , 4 th job.
Starting 160 , 7 th job.
Starting 148 , 4 th job.
Starting 116 , 1 th job.
Starting 181 , 6 th job.
Starting 181 , 7 th job.
Starting 116 , 2 th job.
Starting 181 , 8 th job.
Starting 116 , 3 th job.
Starting 169 , 8 th job.
Starting 189 , 1 th job.
Starting 122 , 5 th job.
Starting 148 , 5 th job.
Starting 116 , 4 th job.
Starting 189 , 2 th job.
Starting 189 , 3 th job.
Starting 137 , 7 th job.
Starting 189 , 4 th job.
Starting 116 , 5 th job.
Starting 144 , 8 th job.
Starting 146 , 1 th job.
Starting 146 , 2 th job.
Starting 122 , 6 th job.
Starting 159 , 7 th job.
Starting 146 , 3 th job.
Starting 189 , 5 th job.
Starting 134 , 7 th job.
Starting 148 , 6 th job.
Starting 146 , 4 th job.
Starting 152 , 1 th job.
Starting 152 , 2 th job.
Starting 125 , 8 th job.
Starting 116 , 6 th job.
Starting 152 , 3 th job.
Starting 146 , 5 th job.
Starting 115 , 8 th job.
Starting 152 , 4 th job.
Starting 189 , 6 th job.
Starting 122 , 7 th job.
Starting 160 , 8 th job.
Starting 180 , 1 th job.
Starting 180 , 2 th job.
Starting 180 , 3 th job.
Starting 152 , 5 th job.
Starting 171 , 1 th job.
Starting 171 , 2 th job.
Starting 180 , 4 th job.
Starting 146 , 6 th job.
Starting 171 , 3 th job.
Starting 116 , 7 th job.
Starting 171 , 4 th job.
Starting 180 , 5 th job.
Starting 148 , 7 th job.
Starting 171 , 5 th job.
Starting 127 , 1 th job.
Starting 127 , 2 th job.
Starting 127 , 3 th job.
Starting 127 , 4 th job.
Starting 152 , 6 th job.
Starting 159 , 8 th job.
Starting 130 , 1 th job.
Starting 130 , 2 th job.
Starting 171 , 6 th job.
Starting 180 , 6 th job.
Starting 130 , 3 th job.
Starting 127 , 5 th job.
Starting 130 , 4 th job.
Starting 137 , 8 th job.
Starting 189 , 7 th job.
Starting 146 , 7 th job.
Starting 130 , 5 th job.
Starting 158 , 1 th job.
Starting 153 , 1 th job.
Starting 134 , 8 th job.
Starting 127 , 6 th job.
Starting 158 , 2 th job.
Starting 153 , 2 th job.
Starting 158 , 3 th job.
Starting 158 , 4 th job.
Starting 153 , 3 th job.
Starting 130 , 6 th job.
Starting 116 , 8 th job.
Starting 171 , 7 th job.
Starting 122 , 8 th job.
Starting 153 , 4 th job.
Starting 158 , 5 th job.
Starting 152 , 7 th job.
Starting 180 , 7 th job.
Starting 153 , 5 th job.
Starting 148 , 8 th job.
Starting 135 , 1 th job.
Starting 135 , 2 th job.
Starting 127 , 7 th job.
Starting 158 , 6 th job.
Starting 153 , 6 th job.
Starting 135 , 3 th job.
Starting 135 , 4 th job.
Starting 130 , 7 th job.
Starting 164 , 1 th job.
Starting 164 , 2 th job.
Starting 164 , 3 th job.
Starting 135 , 5 th job.
Starting 164 , 4 th job.
Starting 189 , 8 th job.
Starting 164 , 5 th job.
Starting 146 , 8 th job.
Starting 158 , 7 th job.
Starting 135 , 6 th job.
Starting 171 , 8 th job.
Starting 191 , 1 th job.
Starting 153 , 7 th job.
Starting 191 , 2 th job.
Starting 191 , 3 th job.
Starting 145 , 1 th job.
Starting 145 , 2 th job.
Starting 164 , 6 th job.
Starting 191 , 4 th job.
Starting 145 , 3 th job.
Starting 180 , 8 th job.
Starting 200 , 1 th job.
Starting 152 , 8 th job.
Starting 200 , 2 th job.
Starting 145 , 4 th job.
Starting 200 , 3 th job.
Starting 191 , 5 th job.
Starting 200 , 4 th job.
Starting 145 , 5 th job.
Starting 135 , 7 th job.
Starting 135 , 8 th job.
Starting 179 , 1 th job.
Starting 155 , 1 th job.
Starting 179 , 2 th job.
Starting 155 , 2 th job.
Starting 179 , 3 th job.
Starting 155 , 3 th job.
Starting 200 , 5 th job.
Starting 154 , 1 th job.
Starting 155 , 4 th job.
Starting 130 , 8 th job.
Starting 154 , 2 th job.
Starting 179 , 4 th job.
Starting 154 , 3 th job.
Starting 191 , 6 th job.
Starting 127 , 8 th job.
Starting 145 , 6 th job.
Starting 164 , 7 th job.
Starting 154 , 4 th job.
Starting 155 , 5 th job.
Starting 179 , 5 th job.
Starting 157 , 1 th job.
Starting 154 , 5 th job.
Starting 157 , 2 th job.
Starting 200 , 6 th job.
Starting 157 , 3 th job.
Starting 157 , 4 th job.
Starting 155 , 6 th job.
Starting 179 , 6 th job.
Starting 154 , 6 th job.
Starting 158 , 8 th job.
Starting 142 , 1 th job.
Starting 142 , 2 th job.
Starting 157 , 5 th job.
Starting 153 , 8 th job.
Starting 142 , 3 th job.
Starting 191 , 7 th job.
Starting 142 , 4 th job.
Starting 145 , 7 th job.
Starting 142 , 5 th job.
Starting 200 , 7 th job.
Starting 157 , 6 th job.
Starting 155 , 7 th job.
Starting 179 , 7 th job.
Starting 155 , 8 th job.
Starting 179 , 8 th job.
Starting 136 , 1 th job.
Starting 136 , 2 th job.
Starting 136 , 3 th job.
Starting 136 , 4 th job.
Starting 142 , 6 th job.
Starting 154 , 7 th job.
Starting 164 , 8 th job.
Starting 168 , 1 th job.
Starting 168 , 2 th job.
Starting 136 , 5 th job.
Starting 168 , 3 th job.
Starting 168 , 4 th job.
Starting 157 , 7 th job.
Starting 136 , 6 th job.
Starting 168 , 5 th job.
Starting 172 , 1 th job.
Starting 172 , 2 th job.
Starting 172 , 3 th job.
Starting 142 , 7 th job.
Starting 191 , 8 th job.
Starting 172 , 4 th job.
Starting 168 , 6 th job.
Starting 150 , 1 th job.
Starting 172 , 5 th job.
Starting 150 , 2 th job.
Starting 150 , 3 th job.
Starting 145 , 8 th job.
Starting 150 , 4 th job.
Starting 147 , 1 th job.
Starting 147 , 2 th job.
Starting 147 , 3 th job.
Starting 172 , 6 th job.
Starting 200 , 8 th job.
Starting 136 , 7 th job.
Starting 150 , 5 th job.
Starting 166 , 1 th job.
Starting 147 , 4 th job.
Starting 166 , 2 th job.
Starting 166 , 3 th job.
Starting 154 , 8 th job.
Starting 166 , 4 th job.
Starting 147 , 5 th job.
Starting 166 , 5 th job.
Starting 168 , 7 th job.
Starting 150 , 6 th job.
Starting 147 , 6 th job.
Starting 178 , 1 th job.
Starting 178 , 2 th job.
Starting 172 , 7 th job.
Starting 166 , 6 th job.
Starting 178 , 3 th job.
Starting 142 , 8 th job.
Starting 178 , 4 th job.
Starting 157 , 8 th job.
Starting 150 , 7 th job.
Starting 178 , 5 th job.
Starting 199 , 1 th job.
Starting 199 , 2 th job.
Starting 199 , 3 th job.
Starting 147 , 7 th job.
Starting 178 , 6 th job.
Starting 166 , 7 th job.
Starting 173 , 1 th job.
Starting 199 , 4 th job.
Starting 173 , 2 th job.
Starting 173 , 3 th job.
Starting 136 , 8 th job.
Starting 175 , 1 th job.
Starting 175 , 2 th job.
Starting 199 , 5 th job.
Starting 173 , 4 th job.
Starting 175 , 3 th job.
Starting 184 , 1 th job.
Starting 175 , 4 th job.
Starting 184 , 2 th job.
Starting 184 , 3 th job.
Starting 173 , 5 th job.
Starting 175 , 5 th job.
Starting 184 , 4 th job.
Starting 172 , 8 th job.
Starting 178 , 7 th job.
Starting 199 , 6 th job.
Starting 184 , 5 th job.
Starting 175 , 6 th job.
Starting 173 , 6 th job.
Starting 168 , 8 th job.
Starting 150 , 8 th job.
Starting 184 , 6 th job.
Starting 199 , 7 th job.
Starting 165 , 1 th job.
Starting 165 , 2 th job.
Starting 174 , 1 th job.
Starting 165 , 3 th job.
Starting 174 , 2 th job.
Starting 175 , 7 th job.
Starting 165 , 4 th job.
Starting 174 , 3 th job.
Starting 173 , 7 th job.
Starting 147 , 8 th job.
Starting 174 , 4 th job.
Starting 165 , 5 th job.
Starting 166 , 8 th job.
Starting 184 , 7 th job.
Starting 174 , 5 th job.
Starting 165 , 6 th job.
Starting 162 , 1 th job.
Starting 162 , 2 th job.
Starting 174 , 6 th job.
Starting 162 , 3 th job.
Starting 178 , 8 th job.
Starting 162 , 4 th job.
Starting 162 , 5 th job.
Starting 177 , 1 th job.
Starting 165 , 7 th job.
Starting 177 , 2 th job.
Starting 177 , 3 th job.
Starting 177 , 4 th job.
Starting 199 , 8 th job.
Starting 162 , 6 th job.
Starting 175 , 8 th job.
Starting 177 , 5 th job.
Starting 174 , 7 th job.
Starting 156 , 1 th job.
Starting 156 , 2 th job.
Starting 156 , 3 th job.
Starting 173 , 8 th job.
Starting 156 , 4 th job.
Starting 193 , 1 th job.
Starting 193 , 2 th job.
Starting 192 , 1 th job.
Starting 184 , 8 th job.
Starting 177 , 6 th job.
Starting 192 , 2 th job.
Starting 193 , 3 th job.
Starting 192 , 3 th job.
Starting 156 , 5 th job.
Starting 193 , 4 th job.
Starting 192 , 4 th job.
Starting 192 , 5 th job.
Starting 193 , 5 th job.
Starting 156 , 6 th job.
Starting 170 , 1 th job.
Starting 162 , 7 th job.
Starting 170 , 2 th job.
Starting 170 , 3 th job.
Starting 165 , 8 th job.
Starting 170 , 4 th job.
Starting 192 , 6 th job.
Starting 177 , 7 th job.
Starting 188 , 1 th job.
Starting 170 , 5 th job.
Starting 188 , 2 th job.
Starting 193 , 6 th job.
Starting 188 , 3 th job.
Starting 188 , 4 th job.
Starting 156 , 7 th job.
Starting 170 , 6 th job.
Starting 188 , 5 th job.
Starting 174 , 8 th job.
Starting 192 , 7 th job.
Starting 188 , 6 th job.
Starting 193 , 7 th job.
Starting 170 , 7 th job.
Starting 162 , 8 th job.
Starting 167 , 1 th job.
Starting 167 , 2 th job.
Starting 186 , 1 th job.
Starting 167 , 3 th job.
Starting 186 , 2 th job.
Starting 186 , 3 th job.
Starting 177 , 8 th job.
Starting 167 , 4 th job.
Starting 186 , 4 th job.
Starting 167 , 5 th job.
Starting 198 , 1 th job.
Starting 186 , 5 th job.
Starting 198 , 2 th job.
Starting 156 , 8 th job.
Starting 198 , 3 th job.
Starting 188 , 7 th job.
Starting 192 , 8 th job.
Starting 198 , 4 th job.
Starting 195 , 1 th job.
Starting 198 , 5 th job.
Starting 195 , 2 th job.
Starting 167 , 6 th job.
Starting 193 , 8 th job.
Starting 195 , 3 th job.
Starting 186 , 6 th job.
Starting 195 , 4 th job.
Starting 195 , 5 th job.
Starting 198 , 6 th job.
Starting 170 , 8 th job.
Starting 195 , 6 th job.
Starting 185 , 1 th job.
Starting 185 , 2 th job.
Starting 185 , 3 th job.
Starting 185 , 4 th job.
Starting 167 , 7 th job.
Starting 186 , 7 th job.
Starting 185 , 5 th job.
Starting 198 , 7 th job.
Starting 195 , 7 th job.
Starting 194 , 1 th job.
Starting 194 , 2 th job.
Starting 185 , 6 th job.
Starting 194 , 3 th job.
Starting 188 , 8 th job.
Starting 194 , 4 th job.
Starting 197 , 1 th job.
Starting 194 , 5 th job.
Starting 197 , 2 th job.
Starting 182 , 1 th job.
Starting 182 , 2 th job.
Starting 197 , 3 th job.
Starting 182 , 3 th job.
Starting 197 , 4 th job.
Starting 176 , 1 th job.
Starting 176 , 2 th job.
Starting 182 , 4 th job.
Starting 176 , 3 th job.
Starting 197 , 5 th job.
Starting 194 , 6 th job.
Starting 176 , 4 th job.
Starting 182 , 5 th job.
Starting 176 , 5 th job.
Starting 185 , 7 th job.
Starting 197 , 6 th job.
Starting 176 , 6 th job.
Starting 182 , 6 th job.
Starting 198 , 8 th job.
Starting 186 , 8 th job.
Starting 194 , 7 th job.
Starting 167 , 8 th job.
Starting 195 , 8 th job.
Starting 197 , 7 th job.
Starting 176 , 7 th job.
Starting 182 , 7 th job.
Starting 185 , 8 th job.
Starting 190 , 1 th job.
Starting 190 , 2 th job.
Starting 190 , 3 th job.
Starting 194 , 8 th job.
Starting 190 , 4 th job.
Starting 197 , 8 th job.
Starting 190 , 5 th job.
Starting 176 , 8 th job.
Starting 182 , 8 th job.
Starting 190 , 6 th job.
Starting 190 , 7 th job.
Starting 187 , 1 th job.
Starting 187 , 2 th job.
Starting 187 , 3 th job.
Starting 187 , 4 th job.
Starting 187 , 5 th job.
Starting 187 , 6 th job.
Starting 190 , 8 th job.
Starting 196 , 1 th job.
Starting 187 , 7 th job.
Starting 196 , 2 th job.
Starting 196 , 3 th job.
Starting 196 , 4 th job.
Starting 196 , 5 th job.
Starting 196 , 6 th job.
Starting 187 , 8 th job.
Starting 196 , 7 th job.
Starting 196 , 8 th job.
Error in { : 
  task 1 failed - "task 8 failed - "cannot allocate vector of size 2.0 Gb""
Calls: %dopar% -> <Anonymous>
Execution halted
